#
# There is insufficient memory for the Java Runtime Environment to continue.
# Native memory allocation (mmap) failed to map 65536 bytes for Failed to commit metaspace.
# Possible reasons:
#   The system is out of physical RAM or swap space
#   The process is running with CompressedOops enabled, and the Java Heap may be blocking the growth of the native heap
# Possible solutions:
#   Reduce memory load on the system
#   Increase physical memory or swap space
#   Check if swap backing store is full
#   Decrease Java heap size (-Xmx/-Xms)
#   Decrease number of Java threads
#   Decrease Java thread stack sizes (-Xss)
#   Set larger code cache with -XX:ReservedCodeCacheSize=
#   JVM is running with Zero Based Compressed Oops mode in which the Java heap is
#     placed in the first 32GB address space. The Java Heap base address is the
#     maximum limit for the native heap growth. Please use -XX:HeapBaseMinAddress
#     to set the Java Heap base and to place the Java Heap above 32GB virtual address.
# This output file may be truncated or incomplete.
#
#  Out of Memory Error (virtualSpaceNode.cpp:110), pid=18256, tid=5368
#
# JRE version: OpenJDK Runtime Environment Temurin-17.0.6+10 (17.0.6+10) (build 17.0.6+10)
# Java VM: OpenJDK 64-Bit Server VM Temurin-17.0.6+10 (17.0.6+10, mixed mode, sharing, tiered, compressed oops, compressed class ptrs, g1 gc, windows-amd64)
# No core dump will be written. Minidumps are not enabled by default on client versions of Windows
#

---------------  S U M M A R Y ------------

Command Line: org.jetbrains.kotlin.cli.jvm.K2JVMCompiler @E:\AndroidWithKotlin\CareZoneApp\app\build\20230605_8838188607932240196.compiler.options

Host: Intel(R) Core(TM) i7-4810MQ CPU @ 2.80GHz, 8 cores, 15G,  Windows 10 , 64 bit Build 19041 (10.0.19041.3031)
Time: Mon Jun  5 03:01:40 2023 Egypt Daylight Time elapsed time: 0.686674 seconds (0d 0h 0m 0s)

---------------  T H R E A D  ---------------

Current thread (0x000001f542198d60):  JavaThread "main" [_thread_in_vm, id=5368, stack(0x0000000f6f000000,0x0000000f6f100000)]

Stack: [0x0000000f6f000000,0x0000000f6f100000]
Native frames: (J=compiled Java code, j=interpreted, Vv=VM code, C=native code)
V  [jvm.dll+0x67741a]
V  [jvm.dll+0x834434]
V  [jvm.dll+0x835bde]
V  [jvm.dll+0x836243]
V  [jvm.dll+0x2457b5]
V  [jvm.dll+0x8304cb]
V  [jvm.dll+0x61bca6]
V  [jvm.dll+0x1c05fe]
V  [jvm.dll+0x61e5f1]
V  [jvm.dll+0x61c646]
V  [jvm.dll+0x239e4f]
V  [jvm.dll+0x626445]
V  [jvm.dll+0x1ea42b]
V  [jvm.dll+0x1ea965]
V  [jvm.dll+0x1eb39f]
V  [jvm.dll+0x1e0841]
V  [jvm.dll+0x53c6d0]
V  [jvm.dll+0x7af5e8]
V  [jvm.dll+0x7af6d4]
V  [jvm.dll+0x40bc05]
V  [jvm.dll+0x411d58]
C  [java.dll+0x17ec]

Java frames: (J=compiled Java code, j=interpreted, Vv=VM code)
J 525  java.lang.ClassLoader.defineClass1(Ljava/lang/ClassLoader;Ljava/lang/String;[BIILjava/security/ProtectionDomain;Ljava/lang/String;)Ljava/lang/Class; java.base@17.0.6 (0 bytes) @ 0x000001f553981363 [0x000001f5539812a0+0x00000000000000c3]
J 521 c1 java.lang.ClassLoader.defineClass(Ljava/lang/String;[BIILjava/security/ProtectionDomain;)Ljava/lang/Class; java.base@17.0.6 (43 bytes) @ 0x000001f54bf7f85c [0x000001f54bf7f500+0x000000000000035c]
J 481 c1 java.security.SecureClassLoader.defineClass(Ljava/lang/String;[BIILjava/security/CodeSource;)Ljava/lang/Class; java.base@17.0.6 (16 bytes) @ 0x000001f54bf6b60c [0x000001f54bf6b540+0x00000000000000cc]
J 468 c1 jdk.internal.loader.BuiltinClassLoader.defineClass(Ljava/lang/String;Ljdk/internal/loader/Resource;)Ljava/lang/Class; java.base@17.0.6 (121 bytes) @ 0x000001f54bf60684 [0x000001f54bf5f320+0x0000000000001364]
J 361 c1 jdk.internal.loader.BuiltinClassLoader.findClassOnClassPathOrNull(Ljava/lang/String;)Ljava/lang/Class; java.base@17.0.6 (64 bytes) @ 0x000001f54bf1a73c [0x000001f54bf19680+0x00000000000010bc]
J 223 c1 jdk.internal.loader.BuiltinClassLoader.loadClassOrNull(Ljava/lang/String;Z)Ljava/lang/Class; java.base@17.0.6 (143 bytes) @ 0x000001f54bedbc54 [0x000001f54bedad40+0x0000000000000f14]
J 321 c1 jdk.internal.loader.ClassLoaders$AppClassLoader.loadClass(Ljava/lang/String;Z)Ljava/lang/Class; java.base@17.0.6 (40 bytes) @ 0x000001f54beff88c [0x000001f54beff260+0x000000000000062c]
J 320 c1 java.lang.ClassLoader.loadClass(Ljava/lang/String;)Ljava/lang/Class; java.base@17.0.6 (7 bytes) @ 0x000001f54befeecc [0x000001f54befedc0+0x000000000000010c]
v  ~StubRoutines::call_stub
j  kotlin.reflect.jvm.internal.impl.load.java.lazy.descriptors.LazyJavaScope.<init>(Lkotlin/reflect/jvm/internal/impl/load/java/lazy/LazyJavaResolverContext;Lkotlin/reflect/jvm/internal/impl/load/java/lazy/descriptors/LazyJavaScope;)V+193
j  kotlin.reflect.jvm.internal.impl.load.java.lazy.descriptors.LazyJavaScope.<init>(Lkotlin/reflect/jvm/internal/impl/load/java/lazy/LazyJavaResolverContext;Lkotlin/reflect/jvm/internal/impl/load/java/lazy/descriptors/LazyJavaScope;ILkotlin/jvm/internal/DefaultConstructorMarker;)V+11
j  kotlin.reflect.jvm.internal.impl.load.java.lazy.descriptors.LazyJavaStaticScope.<init>(Lkotlin/reflect/jvm/internal/impl/load/java/lazy/LazyJavaResolverContext;)V+11
j  kotlin.reflect.jvm.internal.impl.load.java.lazy.descriptors.LazyJavaPackageScope.<init>(Lkotlin/reflect/jvm/internal/impl/load/java/lazy/LazyJavaResolverContext;Lkotlin/reflect/jvm/internal/impl/load/java/structure/JavaPackage;Lkotlin/reflect/jvm/internal/impl/load/java/lazy/descriptors/LazyJavaPackageFragment;)V+20
j  kotlin.reflect.jvm.internal.impl.load.java.lazy.descriptors.JvmPackageScope.<init>(Lkotlin/reflect/jvm/internal/impl/load/java/lazy/LazyJavaResolverContext;Lkotlin/reflect/jvm/internal/impl/load/java/structure/JavaPackage;Lkotlin/reflect/jvm/internal/impl/load/java/lazy/descriptors/LazyJavaPackageFragment;)V+46
j  kotlin.reflect.jvm.internal.impl.load.java.lazy.descriptors.LazyJavaPackageFragment.<init>(Lkotlin/reflect/jvm/internal/impl/load/java/lazy/LazyJavaResolverContext;Lkotlin/reflect/jvm/internal/impl/load/java/structure/JavaPackage;)V+89
j  kotlin.reflect.jvm.internal.impl.load.java.lazy.LazyJavaPackageFragmentProvider$getPackageFragment$1.invoke()Lkotlin/reflect/jvm/internal/impl/load/java/lazy/descriptors/LazyJavaPackageFragment;+15
j  kotlin.reflect.jvm.internal.impl.load.java.lazy.LazyJavaPackageFragmentProvider$getPackageFragment$1.invoke()Ljava/lang/Object;+1
j  kotlin.reflect.jvm.internal.impl.storage.LockBasedStorageManager$CacheWithNullableValuesBasedOnMemoizedFunction$1.invoke(Lkotlin/reflect/jvm/internal/impl/storage/LockBasedStorageManager$KeyWithComputation;)Ljava/lang/Object;+4
j  kotlin.reflect.jvm.internal.impl.storage.LockBasedStorageManager$CacheWithNullableValuesBasedOnMemoizedFunction$1.invoke(Ljava/lang/Object;)Ljava/lang/Object;+5
j  kotlin.reflect.jvm.internal.impl.storage.LockBasedStorageManager$MapBasedMemoizedFunction.invoke(Ljava/lang/Object;)Ljava/lang/Object;+182
j  kotlin.reflect.jvm.internal.impl.storage.LockBasedStorageManager$CacheWithNullableValuesBasedOnMemoizedFunction.computeIfAbsent(Ljava/lang/Object;Lkotlin/jvm/functions/Function0;)Ljava/lang/Object;+18
j  kotlin.reflect.jvm.internal.impl.storage.LockBasedStorageManager$CacheWithNotNullValuesBasedOnMemoizedFunction.computeIfAbsent(Ljava/lang/Object;Lkotlin/jvm/functions/Function0;)Ljava/lang/Object;+11
j  kotlin.reflect.jvm.internal.impl.load.java.lazy.LazyJavaPackageFragmentProvider.getPackageFragment(Lkotlin/reflect/jvm/internal/impl/name/FqName;)Lkotlin/reflect/jvm/internal/impl/load/java/lazy/descriptors/LazyJavaPackageFragment;+42
j  kotlin.reflect.jvm.internal.impl.load.java.lazy.LazyJavaPackageFragmentProvider.collectPackageFragments(Lkotlin/reflect/jvm/internal/impl/name/FqName;Ljava/util/Collection;)V+15
j  kotlin.reflect.jvm.internal.impl.descriptors.PackageFragmentProviderKt.collectPackageFragmentsOptimizedIfPossible(Lkotlin/reflect/jvm/internal/impl/descriptors/PackageFragmentProvider;Lkotlin/reflect/jvm/internal/impl/name/FqName;Ljava/util/Collection;)V+33
j  kotlin.reflect.jvm.internal.impl.descriptors.impl.CompositePackageFragmentProvider.collectPackageFragments(Lkotlin/reflect/jvm/internal/impl/name/FqName;Ljava/util/Collection;)V+46
j  kotlin.reflect.jvm.internal.impl.descriptors.PackageFragmentProviderKt.collectPackageFragmentsOptimizedIfPossible(Lkotlin/reflect/jvm/internal/impl/descriptors/PackageFragmentProvider;Lkotlin/reflect/jvm/internal/impl/name/FqName;Ljava/util/Collection;)V+33
j  kotlin.reflect.jvm.internal.impl.descriptors.impl.CompositePackageFragmentProvider.collectPackageFragments(Lkotlin/reflect/jvm/internal/impl/name/FqName;Ljava/util/Collection;)V+46
j  kotlin.reflect.jvm.internal.impl.descriptors.PackageFragmentProviderKt.collectPackageFragmentsOptimizedIfPossible(Lkotlin/reflect/jvm/internal/impl/descriptors/PackageFragmentProvider;Lkotlin/reflect/jvm/internal/impl/name/FqName;Ljava/util/Collection;)V+33
j  kotlin.reflect.jvm.internal.impl.descriptors.PackageFragmentProviderKt.packageFragments(Lkotlin/reflect/jvm/internal/impl/descriptors/PackageFragmentProvider;Lkotlin/reflect/jvm/internal/impl/name/FqName;)Ljava/util/List;+29
j  kotlin.reflect.jvm.internal.impl.descriptors.impl.LazyPackageViewDescriptorImpl$fragments$2.invoke()Ljava/util/List;+17
j  kotlin.reflect.jvm.internal.impl.descriptors.impl.LazyPackageViewDescriptorImpl$fragments$2.invoke()Ljava/lang/Object;+1
j  kotlin.reflect.jvm.internal.impl.storage.LockBasedStorageManager$LockBasedLazyValue.invoke()Ljava/lang/Object;+156
j  kotlin.reflect.jvm.internal.impl.storage.LockBasedStorageManager$LockBasedNotNullLazyValue.invoke()Ljava/lang/Object;+1
j  kotlin.reflect.jvm.internal.impl.storage.StorageKt.getValue(Lkotlin/reflect/jvm/internal/impl/storage/NotNullLazyValue;Ljava/lang/Object;Lkotlin/reflect/KProperty;)Ljava/lang/Object;+13
j  kotlin.reflect.jvm.internal.impl.descriptors.impl.LazyPackageViewDescriptorImpl.getFragments()Ljava/util/List;+10
j  kotlin.reflect.jvm.internal.impl.descriptors.impl.LazyPackageViewDescriptorImpl$memberScope$1.invoke()Lkotlin/reflect/jvm/internal/impl/resolve/scopes/MemberScope;+23
j  kotlin.reflect.jvm.internal.impl.descriptors.impl.LazyPackageViewDescriptorImpl$memberScope$1.invoke()Ljava/lang/Object;+1
j  kotlin.reflect.jvm.internal.impl.resolve.scopes.LazyScopeAdapter$lazyScope$1.invoke()Lkotlin/reflect/jvm/internal/impl/resolve/scopes/MemberScope;+4
j  kotlin.reflect.jvm.internal.impl.resolve.scopes.LazyScopeAdapter$lazyScope$1.invoke()Ljava/lang/Object;+1
j  kotlin.reflect.jvm.internal.impl.storage.LockBasedStorageManager$LockBasedLazyValue.invoke()Ljava/lang/Object;+156
j  kotlin.reflect.jvm.internal.impl.storage.LockBasedStorageManager$LockBasedNotNullLazyValue.invoke()Ljava/lang/Object;+1
j  kotlin.reflect.jvm.internal.impl.resolve.scopes.LazyScopeAdapter.getWorkerScope()Lkotlin/reflect/jvm/internal/impl/resolve/scopes/MemberScope;+4
j  kotlin.reflect.jvm.internal.impl.resolve.scopes.AbstractScopeAdapter.getContributedClassifier(Lkotlin/reflect/jvm/internal/impl/name/Name;Lkotlin/reflect/jvm/internal/impl/incremental/components/LookupLocation;)Lkotlin/reflect/jvm/internal/impl/descriptors/ClassifierDescriptor;+13
j  kotlin.reflect.jvm.internal.impl.descriptors.FindClassInModuleKt.findClassifierAcrossModuleDependencies(Lkotlin/reflect/jvm/internal/impl/descriptors/ModuleDescriptor;Lkotlin/reflect/jvm/internal/impl/name/ClassId;)Lkotlin/reflect/jvm/internal/impl/descriptors/ClassifierDescriptor;+109
j  kotlin.reflect.jvm.internal.impl.descriptors.FindClassInModuleKt.findClassAcrossModuleDependencies(Lkotlin/reflect/jvm/internal/impl/descriptors/ModuleDescriptor;Lkotlin/reflect/jvm/internal/impl/name/ClassId;)Lkotlin/reflect/jvm/internal/impl/descriptors/ClassDescriptor;+14
j  kotlin.reflect.jvm.internal.KClassImpl$Data$descriptor$2.invoke()Lkotlin/reflect/jvm/internal/impl/descriptors/ClassDescriptor;+48
j  kotlin.reflect.jvm.internal.KClassImpl$Data$descriptor$2.invoke()Ljava/lang/Object;+1
j  kotlin.reflect.jvm.internal.ReflectProperties$LazySoftVal.invoke()Ljava/lang/Object;+28
j  kotlin.reflect.jvm.internal.ReflectProperties$Val.getValue(Ljava/lang/Object;Ljava/lang/Object;)Ljava/lang/Object;+1
j  kotlin.reflect.jvm.internal.KClassImpl$Data.getDescriptor()Lkotlin/reflect/jvm/internal/impl/descriptors/ClassDescriptor;+10
j  kotlin.reflect.jvm.internal.KClassImpl.getDescriptor()Lkotlin/reflect/jvm/internal/impl/descriptors/ClassDescriptor;+10
j  kotlin.reflect.jvm.internal.KClassImpl.getMemberScope$kotlin_reflection()Lkotlin/reflect/jvm/internal/impl/resolve/scopes/MemberScope;+1
j  kotlin.reflect.jvm.internal.KClassImpl$Data$declaredNonStaticMembers$2.invoke()Ljava/util/Collection;+8
j  kotlin.reflect.jvm.internal.KClassImpl$Data$declaredNonStaticMembers$2.invoke()Ljava/lang/Object;+1
j  kotlin.reflect.jvm.internal.ReflectProperties$LazySoftVal.invoke()Ljava/lang/Object;+28
j  kotlin.reflect.jvm.internal.ReflectProperties$Val.getValue(Ljava/lang/Object;Ljava/lang/Object;)Ljava/lang/Object;+1
j  kotlin.reflect.jvm.internal.KClassImpl$Data.getDeclaredNonStaticMembers()Ljava/util/Collection;+11
j  kotlin.reflect.jvm.internal.KClassImpl$Data$allNonStaticMembers$2.invoke()Ljava/util/List;+4
j  kotlin.reflect.jvm.internal.KClassImpl$Data$allNonStaticMembers$2.invoke()Ljava/lang/Object;+1
j  kotlin.reflect.jvm.internal.ReflectProperties$LazySoftVal.invoke()Ljava/lang/Object;+28
j  kotlin.reflect.jvm.internal.ReflectProperties$Val.getValue(Ljava/lang/Object;Ljava/lang/Object;)Ljava/lang/Object;+1
j  kotlin.reflect.jvm.internal.KClassImpl$Data.getAllNonStaticMembers()Ljava/util/Collection;+11
j  kotlin.reflect.full.KClasses.getMemberProperties(Lkotlin/reflect/KClass;)Ljava/util/Collection;+19
j  org.jetbrains.kotlin.cli.common.arguments.ParseCommandLineArgumentsKt.parsePreprocessedCommandLineArguments(Ljava/util/List;Lorg/jetbrains/kotlin/cli/common/arguments/CommonToolArguments;Lorg/jetbrains/kotlin/cli/common/arguments/ArgumentParseErrors;Z)V+7
j  org.jetbrains.kotlin.cli.common.arguments.ParseCommandLineArgumentsKt.parseCommandLineArguments(Ljava/util/List;Lorg/jetbrains/kotlin/cli/common/arguments/CommonToolArguments;Z)V+71
j  org.jetbrains.kotlin.cli.common.arguments.ParseCommandLineArgumentsKt.parseCommandLineArguments$default(Ljava/util/List;Lorg/jetbrains/kotlin/cli/common/arguments/CommonToolArguments;ZILjava/lang/Object;)V+11
j  org.jetbrains.kotlin.cli.common.CLITool.exec(Ljava/io/PrintStream;Lorg/jetbrains/kotlin/config/Services;Lorg/jetbrains/kotlin/cli/common/messages/MessageRenderer;[Ljava/lang/String;)Lorg/jetbrains/kotlin/cli/common/ExitCode;+41
j  org.jetbrains.kotlin.cli.common.CLITool.exec(Ljava/io/PrintStream;Lorg/jetbrains/kotlin/cli/common/messages/MessageRenderer;[Ljava/lang/String;)Lorg/jetbrains/kotlin/cli/common/ExitCode;+25
j  org.jetbrains.kotlin.cli.common.CLITool$Companion.doMainNoExit(Lorg/jetbrains/kotlin/cli/common/CLITool;[Ljava/lang/String;Lorg/jetbrains/kotlin/cli/common/messages/MessageRenderer;)Lorg/jetbrains/kotlin/cli/common/ExitCode;+39
j  org.jetbrains.kotlin.cli.common.CLITool$Companion.doMainNoExit$default(Lorg/jetbrains/kotlin/cli/common/CLITool$Companion;Lorg/jetbrains/kotlin/cli/common/CLITool;[Ljava/lang/String;Lorg/jetbrains/kotlin/cli/common/messages/MessageRenderer;ILjava/lang/Object;)Lorg/jetbrains/kotlin/cli/common/ExitCode;+16
j  org.jetbrains.kotlin.cli.common.CLITool$Companion.doMain(Lorg/jetbrains/kotlin/cli/common/CLITool;[Ljava/lang/String;)V+57
j  org.jetbrains.kotlin.cli.jvm.K2JVMCompiler$Companion.main([Ljava/lang/String;)V+20
j  org.jetbrains.kotlin.cli.jvm.K2JVMCompiler.main([Ljava/lang/String;)V+4
v  ~StubRoutines::call_stub

---------------  P R O C E S S  ---------------

Threads class SMR info:
_java_thread_list=0x000001f56854b280, length=13, elements={
0x000001f542198d60, 0x000001f56791be00, 0x000001f56791eb90, 0x000001f5679342e0,
0x000001f567932fa0, 0x000001f567933470, 0x000001f567932ad0, 0x000001f568404860,
0x000001f56793e540, 0x000001f568412680, 0x000001f567933e10, 0x000001f567931c60,
0x000001f568582cd0
}

Java Threads: ( => current thread )
=>0x000001f542198d60 JavaThread "main" [_thread_in_vm, id=5368, stack(0x0000000f6f000000,0x0000000f6f100000)]
  0x000001f56791be00 JavaThread "Reference Handler" daemon [_thread_blocked, id=13228, stack(0x0000000f6f700000,0x0000000f6f800000)]
  0x000001f56791eb90 JavaThread "Finalizer" daemon [_thread_blocked, id=15688, stack(0x0000000f6f800000,0x0000000f6f900000)]
  0x000001f5679342e0 JavaThread "Signal Dispatcher" daemon [_thread_blocked, id=16340, stack(0x0000000f6f900000,0x0000000f6fa00000)]
  0x000001f567932fa0 JavaThread "Attach Listener" daemon [_thread_blocked, id=17456, stack(0x0000000f6fa00000,0x0000000f6fb00000)]
  0x000001f567933470 JavaThread "Service Thread" daemon [_thread_blocked, id=13216, stack(0x0000000f6fb00000,0x0000000f6fc00000)]
  0x000001f567932ad0 JavaThread "Monitor Deflation Thread" daemon [_thread_blocked, id=14964, stack(0x0000000f6fc00000,0x0000000f6fd00000)]
  0x000001f568404860 JavaThread "C2 CompilerThread0" daemon [_thread_blocked, id=18240, stack(0x0000000f6fd00000,0x0000000f6fe00000)]
  0x000001f56793e540 JavaThread "C1 CompilerThread0" daemon [_thread_blocked, id=13144, stack(0x0000000f6fe00000,0x0000000f6ff00000)]
  0x000001f568412680 JavaThread "Sweeper thread" daemon [_thread_blocked, id=17276, stack(0x0000000f6ff00000,0x0000000f70000000)]
  0x000001f567933e10 JavaThread "Notification Thread" daemon [_thread_blocked, id=17692, stack(0x0000000f70000000,0x0000000f70100000)]
  0x000001f567931c60 JavaThread "Common-Cleaner" daemon [_thread_blocked, id=17192, stack(0x0000000f70200000,0x0000000f70300000)]
  0x000001f568582cd0 JavaThread "C2 CompilerThread1" daemon [_thread_blocked, id=1952, stack(0x0000000f70300000,0x0000000f70400000)]

Other Threads:
  0x000001f567916a30 VMThread "VM Thread" [stack: 0x0000000f6f600000,0x0000000f6f700000] [id=1840]
  0x000001f542226370 WatcherThread [stack: 0x0000000f70100000,0x0000000f70200000] [id=2604]
  0x000001f542204d10 GCTaskThread "GC Thread#0" [stack: 0x0000000f6f100000,0x0000000f6f200000] [id=2196]
  0x000001f5422159a0 ConcurrentGCThread "G1 Main Marker" [stack: 0x0000000f6f200000,0x0000000f6f300000] [id=14364]
  0x000001f542216a60 ConcurrentGCThread "G1 Conc#0" [stack: 0x0000000f6f300000,0x0000000f6f400000] [id=13560]
  0x000001f54225d6e0 ConcurrentGCThread "G1 Refine#0" [stack: 0x0000000f6f400000,0x0000000f6f500000] [id=2320]
  0x000001f54225e010 ConcurrentGCThread "G1 Service" [stack: 0x0000000f6f500000,0x0000000f6f600000] [id=2304]

Threads with active compile tasks:

VM state: not at safepoint (normal execution)

VM Mutex/Monitor currently owned by a thread:  ([mutex/lock_event])
[0x000001f542191df0] Metaspace_lock - owner thread: 0x000001f542198d60

Heap address: 0x0000000701c00000, size: 4068 MB, Compressed Oops mode: Zero based, Oop shift amount: 3

CDS archive(s) mapped at: [0x0000000800000000-0x0000000800bc0000-0x0000000800bc0000), size 12320768, SharedBaseAddress: 0x0000000800000000, ArchiveRelocationMode: 0.
Compressed class space mapped at: 0x0000000800c00000-0x0000000840c00000, reserved size: 1073741824
Narrow klass base: 0x0000000800000000, Narrow klass shift: 0, Narrow klass range: 0x100000000

GC Precious Log:
 CPUs: 8 total, 8 available
 Memory: 16265M
 Large Page Support: Disabled
 NUMA Support: Disabled
 Compressed Oops: Enabled (Zero based)
 Heap Region Size: 2M
 Heap Min Capacity: 8M
 Heap Initial Capacity: 256M
 Heap Max Capacity: 4068M
 Pre-touch: Disabled
 Parallel Workers: 8
 Concurrent Workers: 2
 Concurrent Refinement Workers: 8
 Periodic GC: Disabled

Heap:
 garbage-first heap   total 262144K, used 22528K [0x0000000701c00000, 0x0000000800000000)
  region size 2048K, 11 young (22528K), 0 survivors (0K)
 Metaspace       used 5552K, committed 5632K, reserved 1064960K
  class space    used 539K, committed 576K, reserved 1048576K

Heap Regions: E=young(eden), S=young(survivor), O=old, HS=humongous(starts), HC=humongous(continues), CS=collection set, F=free, OA=open archive, CA=closed archive, TAMS=top-at-mark-start (previous, next)
|   0|0x0000000701c00000, 0x0000000701e00000, 0x0000000701e00000|100%|HS|  |TAMS 0x0000000701c00000, 0x0000000701c00000| Complete 
|   1|0x0000000701e00000, 0x0000000702000000, 0x0000000702000000|100%|HC|  |TAMS 0x0000000701e00000, 0x0000000701e00000| Complete 
|   2|0x0000000702000000, 0x0000000702000000, 0x0000000702200000|  0%| F|  |TAMS 0x0000000702000000, 0x0000000702000000| Untracked 
|   3|0x0000000702200000, 0x0000000702200000, 0x0000000702400000|  0%| F|  |TAMS 0x0000000702200000, 0x0000000702200000| Untracked 
|   4|0x0000000702400000, 0x0000000702400000, 0x0000000702600000|  0%| F|  |TAMS 0x0000000702400000, 0x0000000702400000| Untracked 
|   5|0x0000000702600000, 0x0000000702600000, 0x0000000702800000|  0%| F|  |TAMS 0x0000000702600000, 0x0000000702600000| Untracked 
|   6|0x0000000702800000, 0x0000000702800000, 0x0000000702a00000|  0%| F|  |TAMS 0x0000000702800000, 0x0000000702800000| Untracked 
|   7|0x0000000702a00000, 0x0000000702a00000, 0x0000000702c00000|  0%| F|  |TAMS 0x0000000702a00000, 0x0000000702a00000| Untracked 
|   8|0x0000000702c00000, 0x0000000702c00000, 0x0000000702e00000|  0%| F|  |TAMS 0x0000000702c00000, 0x0000000702c00000| Untracked 
|   9|0x0000000702e00000, 0x0000000702e00000, 0x0000000703000000|  0%| F|  |TAMS 0x0000000702e00000, 0x0000000702e00000| Untracked 
|  10|0x0000000703000000, 0x0000000703000000, 0x0000000703200000|  0%| F|  |TAMS 0x0000000703000000, 0x0000000703000000| Untracked 
|  11|0x0000000703200000, 0x0000000703200000, 0x0000000703400000|  0%| F|  |TAMS 0x0000000703200000, 0x0000000703200000| Untracked 
|  12|0x0000000703400000, 0x0000000703400000, 0x0000000703600000|  0%| F|  |TAMS 0x0000000703400000, 0x0000000703400000| Untracked 
|  13|0x0000000703600000, 0x0000000703600000, 0x0000000703800000|  0%| F|  |TAMS 0x0000000703600000, 0x0000000703600000| Untracked 
|  14|0x0000000703800000, 0x0000000703800000, 0x0000000703a00000|  0%| F|  |TAMS 0x0000000703800000, 0x0000000703800000| Untracked 
|  15|0x0000000703a00000, 0x0000000703a00000, 0x0000000703c00000|  0%| F|  |TAMS 0x0000000703a00000, 0x0000000703a00000| Untracked 
|  16|0x0000000703c00000, 0x0000000703c00000, 0x0000000703e00000|  0%| F|  |TAMS 0x0000000703c00000, 0x0000000703c00000| Untracked 
|  17|0x0000000703e00000, 0x0000000703e00000, 0x0000000704000000|  0%| F|  |TAMS 0x0000000703e00000, 0x0000000703e00000| Untracked 
|  18|0x0000000704000000, 0x0000000704000000, 0x0000000704200000|  0%| F|  |TAMS 0x0000000704000000, 0x0000000704000000| Untracked 
|  19|0x0000000704200000, 0x0000000704200000, 0x0000000704400000|  0%| F|  |TAMS 0x0000000704200000, 0x0000000704200000| Untracked 
|  20|0x0000000704400000, 0x0000000704400000, 0x0000000704600000|  0%| F|  |TAMS 0x0000000704400000, 0x0000000704400000| Untracked 
|  21|0x0000000704600000, 0x0000000704600000, 0x0000000704800000|  0%| F|  |TAMS 0x0000000704600000, 0x0000000704600000| Untracked 
|  22|0x0000000704800000, 0x0000000704800000, 0x0000000704a00000|  0%| F|  |TAMS 0x0000000704800000, 0x0000000704800000| Untracked 
|  23|0x0000000704a00000, 0x0000000704a00000, 0x0000000704c00000|  0%| F|  |TAMS 0x0000000704a00000, 0x0000000704a00000| Untracked 
|  24|0x0000000704c00000, 0x0000000704c00000, 0x0000000704e00000|  0%| F|  |TAMS 0x0000000704c00000, 0x0000000704c00000| Untracked 
|  25|0x0000000704e00000, 0x0000000704e00000, 0x0000000705000000|  0%| F|  |TAMS 0x0000000704e00000, 0x0000000704e00000| Untracked 
|  26|0x0000000705000000, 0x0000000705000000, 0x0000000705200000|  0%| F|  |TAMS 0x0000000705000000, 0x0000000705000000| Untracked 
|  27|0x0000000705200000, 0x0000000705200000, 0x0000000705400000|  0%| F|  |TAMS 0x0000000705200000, 0x0000000705200000| Untracked 
|  28|0x0000000705400000, 0x0000000705400000, 0x0000000705600000|  0%| F|  |TAMS 0x0000000705400000, 0x0000000705400000| Untracked 
|  29|0x0000000705600000, 0x0000000705600000, 0x0000000705800000|  0%| F|  |TAMS 0x0000000705600000, 0x0000000705600000| Untracked 
|  30|0x0000000705800000, 0x0000000705800000, 0x0000000705a00000|  0%| F|  |TAMS 0x0000000705800000, 0x0000000705800000| Untracked 
|  31|0x0000000705a00000, 0x0000000705a00000, 0x0000000705c00000|  0%| F|  |TAMS 0x0000000705a00000, 0x0000000705a00000| Untracked 
|  32|0x0000000705c00000, 0x0000000705c00000, 0x0000000705e00000|  0%| F|  |TAMS 0x0000000705c00000, 0x0000000705c00000| Untracked 
|  33|0x0000000705e00000, 0x0000000705e00000, 0x0000000706000000|  0%| F|  |TAMS 0x0000000705e00000, 0x0000000705e00000| Untracked 
|  34|0x0000000706000000, 0x0000000706000000, 0x0000000706200000|  0%| F|  |TAMS 0x0000000706000000, 0x0000000706000000| Untracked 
|  35|0x0000000706200000, 0x0000000706200000, 0x0000000706400000|  0%| F|  |TAMS 0x0000000706200000, 0x0000000706200000| Untracked 
|  36|0x0000000706400000, 0x0000000706400000, 0x0000000706600000|  0%| F|  |TAMS 0x0000000706400000, 0x0000000706400000| Untracked 
|  37|0x0000000706600000, 0x0000000706600000, 0x0000000706800000|  0%| F|  |TAMS 0x0000000706600000, 0x0000000706600000| Untracked 
|  38|0x0000000706800000, 0x0000000706800000, 0x0000000706a00000|  0%| F|  |TAMS 0x0000000706800000, 0x0000000706800000| Untracked 
|  39|0x0000000706a00000, 0x0000000706a00000, 0x0000000706c00000|  0%| F|  |TAMS 0x0000000706a00000, 0x0000000706a00000| Untracked 
|  40|0x0000000706c00000, 0x0000000706c00000, 0x0000000706e00000|  0%| F|  |TAMS 0x0000000706c00000, 0x0000000706c00000| Untracked 
|  41|0x0000000706e00000, 0x0000000706e00000, 0x0000000707000000|  0%| F|  |TAMS 0x0000000706e00000, 0x0000000706e00000| Untracked 
|  42|0x0000000707000000, 0x0000000707000000, 0x0000000707200000|  0%| F|  |TAMS 0x0000000707000000, 0x0000000707000000| Untracked 
|  43|0x0000000707200000, 0x0000000707200000, 0x0000000707400000|  0%| F|  |TAMS 0x0000000707200000, 0x0000000707200000| Untracked 
|  44|0x0000000707400000, 0x0000000707400000, 0x0000000707600000|  0%| F|  |TAMS 0x0000000707400000, 0x0000000707400000| Untracked 
|  45|0x0000000707600000, 0x0000000707600000, 0x0000000707800000|  0%| F|  |TAMS 0x0000000707600000, 0x0000000707600000| Untracked 
|  46|0x0000000707800000, 0x0000000707800000, 0x0000000707a00000|  0%| F|  |TAMS 0x0000000707800000, 0x0000000707800000| Untracked 
|  47|0x0000000707a00000, 0x0000000707a00000, 0x0000000707c00000|  0%| F|  |TAMS 0x0000000707a00000, 0x0000000707a00000| Untracked 
|  48|0x0000000707c00000, 0x0000000707c00000, 0x0000000707e00000|  0%| F|  |TAMS 0x0000000707c00000, 0x0000000707c00000| Untracked 
|  49|0x0000000707e00000, 0x0000000707e00000, 0x0000000708000000|  0%| F|  |TAMS 0x0000000707e00000, 0x0000000707e00000| Untracked 
|  50|0x0000000708000000, 0x0000000708000000, 0x0000000708200000|  0%| F|  |TAMS 0x0000000708000000, 0x0000000708000000| Untracked 
|  51|0x0000000708200000, 0x0000000708200000, 0x0000000708400000|  0%| F|  |TAMS 0x0000000708200000, 0x0000000708200000| Untracked 
|  52|0x0000000708400000, 0x0000000708400000, 0x0000000708600000|  0%| F|  |TAMS 0x0000000708400000, 0x0000000708400000| Untracked 
|  53|0x0000000708600000, 0x0000000708600000, 0x0000000708800000|  0%| F|  |TAMS 0x0000000708600000, 0x0000000708600000| Untracked 
|  54|0x0000000708800000, 0x0000000708800000, 0x0000000708a00000|  0%| F|  |TAMS 0x0000000708800000, 0x0000000708800000| Untracked 
|  55|0x0000000708a00000, 0x0000000708a00000, 0x0000000708c00000|  0%| F|  |TAMS 0x0000000708a00000, 0x0000000708a00000| Untracked 
|  56|0x0000000708c00000, 0x0000000708c00000, 0x0000000708e00000|  0%| F|  |TAMS 0x0000000708c00000, 0x0000000708c00000| Untracked 
|  57|0x0000000708e00000, 0x0000000708e00000, 0x0000000709000000|  0%| F|  |TAMS 0x0000000708e00000, 0x0000000708e00000| Untracked 
|  58|0x0000000709000000, 0x0000000709000000, 0x0000000709200000|  0%| F|  |TAMS 0x0000000709000000, 0x0000000709000000| Untracked 
|  59|0x0000000709200000, 0x0000000709200000, 0x0000000709400000|  0%| F|  |TAMS 0x0000000709200000, 0x0000000709200000| Untracked 
|  60|0x0000000709400000, 0x0000000709400000, 0x0000000709600000|  0%| F|  |TAMS 0x0000000709400000, 0x0000000709400000| Untracked 
|  61|0x0000000709600000, 0x0000000709600000, 0x0000000709800000|  0%| F|  |TAMS 0x0000000709600000, 0x0000000709600000| Untracked 
|  62|0x0000000709800000, 0x0000000709800000, 0x0000000709a00000|  0%| F|  |TAMS 0x0000000709800000, 0x0000000709800000| Untracked 
|  63|0x0000000709a00000, 0x0000000709a00000, 0x0000000709c00000|  0%| F|  |TAMS 0x0000000709a00000, 0x0000000709a00000| Untracked 
|  64|0x0000000709c00000, 0x0000000709c00000, 0x0000000709e00000|  0%| F|  |TAMS 0x0000000709c00000, 0x0000000709c00000| Untracked 
|  65|0x0000000709e00000, 0x0000000709e00000, 0x000000070a000000|  0%| F|  |TAMS 0x0000000709e00000, 0x0000000709e00000| Untracked 
|  66|0x000000070a000000, 0x000000070a000000, 0x000000070a200000|  0%| F|  |TAMS 0x000000070a000000, 0x000000070a000000| Untracked 
|  67|0x000000070a200000, 0x000000070a200000, 0x000000070a400000|  0%| F|  |TAMS 0x000000070a200000, 0x000000070a200000| Untracked 
|  68|0x000000070a400000, 0x000000070a400000, 0x000000070a600000|  0%| F|  |TAMS 0x000000070a400000, 0x000000070a400000| Untracked 
|  69|0x000000070a600000, 0x000000070a600000, 0x000000070a800000|  0%| F|  |TAMS 0x000000070a600000, 0x000000070a600000| Untracked 
|  70|0x000000070a800000, 0x000000070a800000, 0x000000070aa00000|  0%| F|  |TAMS 0x000000070a800000, 0x000000070a800000| Untracked 
|  71|0x000000070aa00000, 0x000000070aa00000, 0x000000070ac00000|  0%| F|  |TAMS 0x000000070aa00000, 0x000000070aa00000| Untracked 
|  72|0x000000070ac00000, 0x000000070ac00000, 0x000000070ae00000|  0%| F|  |TAMS 0x000000070ac00000, 0x000000070ac00000| Untracked 
|  73|0x000000070ae00000, 0x000000070ae00000, 0x000000070b000000|  0%| F|  |TAMS 0x000000070ae00000, 0x000000070ae00000| Untracked 
|  74|0x000000070b000000, 0x000000070b000000, 0x000000070b200000|  0%| F|  |TAMS 0x000000070b000000, 0x000000070b000000| Untracked 
|  75|0x000000070b200000, 0x000000070b200000, 0x000000070b400000|  0%| F|  |TAMS 0x000000070b200000, 0x000000070b200000| Untracked 
|  76|0x000000070b400000, 0x000000070b400000, 0x000000070b600000|  0%| F|  |TAMS 0x000000070b400000, 0x000000070b400000| Untracked 
|  77|0x000000070b600000, 0x000000070b600000, 0x000000070b800000|  0%| F|  |TAMS 0x000000070b600000, 0x000000070b600000| Untracked 
|  78|0x000000070b800000, 0x000000070b800000, 0x000000070ba00000|  0%| F|  |TAMS 0x000000070b800000, 0x000000070b800000| Untracked 
|  79|0x000000070ba00000, 0x000000070ba00000, 0x000000070bc00000|  0%| F|  |TAMS 0x000000070ba00000, 0x000000070ba00000| Untracked 
|  80|0x000000070bc00000, 0x000000070bc00000, 0x000000070be00000|  0%| F|  |TAMS 0x000000070bc00000, 0x000000070bc00000| Untracked 
|  81|0x000000070be00000, 0x000000070be00000, 0x000000070c000000|  0%| F|  |TAMS 0x000000070be00000, 0x000000070be00000| Untracked 
|  82|0x000000070c000000, 0x000000070c000000, 0x000000070c200000|  0%| F|  |TAMS 0x000000070c000000, 0x000000070c000000| Untracked 
|  83|0x000000070c200000, 0x000000070c200000, 0x000000070c400000|  0%| F|  |TAMS 0x000000070c200000, 0x000000070c200000| Untracked 
|  84|0x000000070c400000, 0x000000070c400000, 0x000000070c600000|  0%| F|  |TAMS 0x000000070c400000, 0x000000070c400000| Untracked 
|  85|0x000000070c600000, 0x000000070c600000, 0x000000070c800000|  0%| F|  |TAMS 0x000000070c600000, 0x000000070c600000| Untracked 
|  86|0x000000070c800000, 0x000000070c800000, 0x000000070ca00000|  0%| F|  |TAMS 0x000000070c800000, 0x000000070c800000| Untracked 
|  87|0x000000070ca00000, 0x000000070ca00000, 0x000000070cc00000|  0%| F|  |TAMS 0x000000070ca00000, 0x000000070ca00000| Untracked 
|  88|0x000000070cc00000, 0x000000070cc00000, 0x000000070ce00000|  0%| F|  |TAMS 0x000000070cc00000, 0x000000070cc00000| Untracked 
|  89|0x000000070ce00000, 0x000000070ce00000, 0x000000070d000000|  0%| F|  |TAMS 0x000000070ce00000, 0x000000070ce00000| Untracked 
|  90|0x000000070d000000, 0x000000070d000000, 0x000000070d200000|  0%| F|  |TAMS 0x000000070d000000, 0x000000070d000000| Untracked 
|  91|0x000000070d200000, 0x000000070d200000, 0x000000070d400000|  0%| F|  |TAMS 0x000000070d200000, 0x000000070d200000| Untracked 
|  92|0x000000070d400000, 0x000000070d400000, 0x000000070d600000|  0%| F|  |TAMS 0x000000070d400000, 0x000000070d400000| Untracked 
|  93|0x000000070d600000, 0x000000070d600000, 0x000000070d800000|  0%| F|  |TAMS 0x000000070d600000, 0x000000070d600000| Untracked 
|  94|0x000000070d800000, 0x000000070d800000, 0x000000070da00000|  0%| F|  |TAMS 0x000000070d800000, 0x000000070d800000| Untracked 
|  95|0x000000070da00000, 0x000000070da00000, 0x000000070dc00000|  0%| F|  |TAMS 0x000000070da00000, 0x000000070da00000| Untracked 
|  96|0x000000070dc00000, 0x000000070dc00000, 0x000000070de00000|  0%| F|  |TAMS 0x000000070dc00000, 0x000000070dc00000| Untracked 
|  97|0x000000070de00000, 0x000000070de00000, 0x000000070e000000|  0%| F|  |TAMS 0x000000070de00000, 0x000000070de00000| Untracked 
|  98|0x000000070e000000, 0x000000070e000000, 0x000000070e200000|  0%| F|  |TAMS 0x000000070e000000, 0x000000070e000000| Untracked 
|  99|0x000000070e200000, 0x000000070e200000, 0x000000070e400000|  0%| F|  |TAMS 0x000000070e200000, 0x000000070e200000| Untracked 
| 100|0x000000070e400000, 0x000000070e400000, 0x000000070e600000|  0%| F|  |TAMS 0x000000070e400000, 0x000000070e400000| Untracked 
| 101|0x000000070e600000, 0x000000070e600000, 0x000000070e800000|  0%| F|  |TAMS 0x000000070e600000, 0x000000070e600000| Untracked 
| 102|0x000000070e800000, 0x000000070e800000, 0x000000070ea00000|  0%| F|  |TAMS 0x000000070e800000, 0x000000070e800000| Untracked 
| 103|0x000000070ea00000, 0x000000070ea00000, 0x000000070ec00000|  0%| F|  |TAMS 0x000000070ea00000, 0x000000070ea00000| Untracked 
| 104|0x000000070ec00000, 0x000000070ec00000, 0x000000070ee00000|  0%| F|  |TAMS 0x000000070ec00000, 0x000000070ec00000| Untracked 
| 105|0x000000070ee00000, 0x000000070ee00000, 0x000000070f000000|  0%| F|  |TAMS 0x000000070ee00000, 0x000000070ee00000| Untracked 
| 106|0x000000070f000000, 0x000000070f000000, 0x000000070f200000|  0%| F|  |TAMS 0x000000070f000000, 0x000000070f000000| Untracked 
| 107|0x000000070f200000, 0x000000070f200000, 0x000000070f400000|  0%| F|  |TAMS 0x000000070f200000, 0x000000070f200000| Untracked 
| 108|0x000000070f400000, 0x000000070f400000, 0x000000070f600000|  0%| F|  |TAMS 0x000000070f400000, 0x000000070f400000| Untracked 
| 109|0x000000070f600000, 0x000000070f600000, 0x000000070f800000|  0%| F|  |TAMS 0x000000070f600000, 0x000000070f600000| Untracked 
| 110|0x000000070f800000, 0x000000070f800000, 0x000000070fa00000|  0%| F|  |TAMS 0x000000070f800000, 0x000000070f800000| Untracked 
| 111|0x000000070fa00000, 0x000000070fa00000, 0x000000070fc00000|  0%| F|  |TAMS 0x000000070fa00000, 0x000000070fa00000| Untracked 
| 112|0x000000070fc00000, 0x000000070fc00000, 0x000000070fe00000|  0%| F|  |TAMS 0x000000070fc00000, 0x000000070fc00000| Untracked 
| 113|0x000000070fe00000, 0x000000070fe00000, 0x0000000710000000|  0%| F|  |TAMS 0x000000070fe00000, 0x000000070fe00000| Untracked 
| 114|0x0000000710000000, 0x0000000710000000, 0x0000000710200000|  0%| F|  |TAMS 0x0000000710000000, 0x0000000710000000| Untracked 
| 115|0x0000000710200000, 0x0000000710200000, 0x0000000710400000|  0%| F|  |TAMS 0x0000000710200000, 0x0000000710200000| Untracked 
| 116|0x0000000710400000, 0x0000000710400000, 0x0000000710600000|  0%| F|  |TAMS 0x0000000710400000, 0x0000000710400000| Untracked 
| 117|0x0000000710600000, 0x00000007106ec038, 0x0000000710800000| 46%| E|  |TAMS 0x0000000710600000, 0x0000000710600000| Complete 
| 118|0x0000000710800000, 0x0000000710a00000, 0x0000000710a00000|100%| E|CS|TAMS 0x0000000710800000, 0x0000000710800000| Complete 
| 119|0x0000000710a00000, 0x0000000710c00000, 0x0000000710c00000|100%| E|CS|TAMS 0x0000000710a00000, 0x0000000710a00000| Complete 
| 120|0x0000000710c00000, 0x0000000710e00000, 0x0000000710e00000|100%| E|CS|TAMS 0x0000000710c00000, 0x0000000710c00000| Complete 
| 121|0x0000000710e00000, 0x0000000711000000, 0x0000000711000000|100%| E|CS|TAMS 0x0000000710e00000, 0x0000000710e00000| Complete 
| 122|0x0000000711000000, 0x0000000711200000, 0x0000000711200000|100%| E|CS|TAMS 0x0000000711000000, 0x0000000711000000| Complete 
| 123|0x0000000711200000, 0x0000000711400000, 0x0000000711400000|100%| E|CS|TAMS 0x0000000711200000, 0x0000000711200000| Complete 
| 124|0x0000000711400000, 0x0000000711600000, 0x0000000711600000|100%| E|  |TAMS 0x0000000711400000, 0x0000000711400000| Complete 
| 125|0x0000000711600000, 0x0000000711800000, 0x0000000711800000|100%| E|CS|TAMS 0x0000000711600000, 0x0000000711600000| Complete 
| 126|0x0000000711800000, 0x0000000711a00000, 0x0000000711a00000|100%| E|CS|TAMS 0x0000000711800000, 0x0000000711800000| Complete 
| 127|0x0000000711a00000, 0x0000000711c00000, 0x0000000711c00000|100%| E|CS|TAMS 0x0000000711a00000, 0x0000000711a00000| Complete 

Card table byte_map: [0x000001f55bf10000,0x000001f55c710000] _byte_map_base: 0x000001f558702000

Marking Bits (Prev, Next): (CMBitMap*) 0x000001f542205230, (CMBitMap*) 0x000001f542205270
 Prev Bits: [0x000001f55cf10000, 0x000001f560ea0000)
 Next Bits: [0x000001f560ea0000, 0x000001f564e30000)

Polling page: 0x000001f541ff0000

Metaspace:

Usage:
  Non-class:      4.90 MB used.
      Class:    539.61 KB used.
       Both:      5.42 MB used.

Virtual space:
  Non-class space:       16.00 MB reserved,       4.94 MB ( 31%) committed,  2 nodes.
      Class space:        1.00 GB reserved,     576.00 KB ( <1%) committed,  1 nodes.
             Both:        1.02 GB reserved,       5.50 MB ( <1%) committed. 

Chunk freelists:
   Non-Class:  3.80 MB
       Class:  3.25 MB
        Both:  7.05 MB

MaxMetaspaceSize: unlimited
CompressedClassSpaceSize: 1.00 GB
Initial GC threshold: 21.00 MB
Current GC threshold: 21.00 MB
CDS: on
MetaspaceReclaimPolicy: balanced
 - commit_granule_bytes: 65536.
 - commit_granule_words: 8192.
 - virtual_space_node_default_size: 1048576.
 - enlarge_chunks_in_place: 1.
 - new_chunks_are_fully_committed: 0.
 - uncommit_free_chunks: 1.
 - use_allocation_guard: 0.
 - handle_deallocations: 1.


Internal statistics:

num_allocs_failed_limit: 0.
num_arena_births: 6.
num_arena_deaths: 0.
num_vsnodes_births: 3.
num_vsnodes_deaths: 0.
num_space_committed: 88.
num_space_uncommitted: 0.
num_chunks_returned_to_freelist: 0.
num_chunks_taken_from_freelist: 168.
num_chunk_merges: 0.
num_chunk_splits: 154.
num_chunks_enlarged: 150.
num_purges: 0.
num_inconsistent_stats: 0.

CodeHeap 'non-profiled nmethods': size=120000Kb used=150Kb max_used=150Kb free=119849Kb
 bounds [0x000001f553960000, 0x000001f553bd0000, 0x000001f55ae90000]
CodeHeap 'profiled nmethods': size=120000Kb used=1017Kb max_used=1017Kb free=118982Kb
 bounds [0x000001f54be90000, 0x000001f54c100000, 0x000001f5533c0000]
CodeHeap 'non-nmethods': size=5760Kb used=1142Kb max_used=1161Kb free=4617Kb
 bounds [0x000001f5533c0000, 0x000001f553630000, 0x000001f553960000]
 total_blobs=974 nmethods=549 adapters=338
 compilation: enabled
              stopped_count=0, restarted_count=0
 full_count=0

Compilation events (20 events):
Event: 0.661 Thread 0x000001f568404860 nmethod 539 0x000001f553983090 code [0x000001f553983200, 0x000001f553983278]
Event: 0.662 Thread 0x000001f568582cd0 nmethod 538 0x000001f553983390 code [0x000001f553983520, 0x000001f5539837f8]
Event: 0.665 Thread 0x000001f568582cd0  540       4       java.util.concurrent.ConcurrentHashMap::setTabAt (20 bytes)
Event: 0.666 Thread 0x000001f56793e540  541       3       java.lang.ClassLoader::getNamedPackage (73 bytes)
Event: 0.666 Thread 0x000001f568582cd0 nmethod 540 0x000001f553983a10 code [0x000001f553983b80, 0x000001f553983c98]
Event: 0.666 Thread 0x000001f56793e540 nmethod 541 0x000001f54bf87090 code [0x000001f54bf87280, 0x000001f54bf877e8]
Event: 0.666 Thread 0x000001f56793e540  542       3       sun.net.www.protocol.jar.Handler::canonicalizeString (72 bytes)
Event: 0.667 Thread 0x000001f56793e540 nmethod 542 0x000001f54bf87a10 code [0x000001f54bf87d00, 0x000001f54bf88ba8]
Event: 0.667 Thread 0x000001f56793e540  543       3       java.net.URLStreamHandler::setURL (159 bytes)
Event: 0.668 Thread 0x000001f56793e540 nmethod 543 0x000001f54bf89190 code [0x000001f54bf89520, 0x000001f54bf8aaa8]
Event: 0.675 Thread 0x000001f568404860  544       4       java.lang.CharacterDataLatin1::toUpperCase (53 bytes)
Event: 0.676 Thread 0x000001f568404860 nmethod 544 0x000001f553983d10 code [0x000001f553983e80, 0x000001f553983f78]
Event: 0.679 Thread 0x000001f568404860  545       4       sun.net.www.ParseUtil::firstEncodeIndex (86 bytes)
Event: 0.681 Thread 0x000001f568404860 nmethod 545 0x000001f553984090 code [0x000001f553984220, 0x000001f553984408]
Event: 0.682 Thread 0x000001f56793e540  546       3       kotlin.LazyKt__LazyJVMKt::lazy (102 bytes)
Event: 0.682 Thread 0x000001f568582cd0  548       4       java.lang.String::substring (58 bytes)
Event: 0.683 Thread 0x000001f568404860  549       4       java.lang.StringLatin1::indexOf (121 bytes)
Event: 0.683 Thread 0x000001f56793e540 nmethod 546 0x000001f54bf8b390 code [0x000001f54bf8b7a0, 0x000001f54bf8d2f8]
Event: 0.683 Thread 0x000001f56793e540  547       3       kotlin.SafePublicationLazyImpl::<init> (30 bytes)
Event: 0.683 Thread 0x000001f56793e540 nmethod 547 0x000001f54bf8db90 code [0x000001f54bf8ddc0, 0x000001f54bf8e518]

GC Heap History (0 events):
No events

Dll operation events (6 events):
Event: 0.027 Loaded shared library C:\Users\Afaq_Lite\AppData\Local\Programs\Eclipse Adoptium\jdk-17.0.6.10-hotspot\bin\java.dll
Event: 0.041 Loaded shared library C:\Users\Afaq_Lite\AppData\Local\Programs\Eclipse Adoptium\jdk-17.0.6.10-hotspot\bin\jsvml.dll
Event: 0.139 Loaded shared library C:\Users\Afaq_Lite\AppData\Local\Programs\Eclipse Adoptium\jdk-17.0.6.10-hotspot\bin\net.dll
Event: 0.147 Loaded shared library C:\Users\Afaq_Lite\AppData\Local\Programs\Eclipse Adoptium\jdk-17.0.6.10-hotspot\bin\nio.dll
Event: 0.187 Loaded shared library C:\Users\Afaq_Lite\AppData\Local\Programs\Eclipse Adoptium\jdk-17.0.6.10-hotspot\bin\zip.dll
Event: 0.224 Loaded shared library C:\Users\Afaq_Lite\AppData\Local\Programs\Eclipse Adoptium\jdk-17.0.6.10-hotspot\bin\jimage.dll

Deoptimization events (20 events):
Event: 0.173 Thread 0x000001f542198d60 DEOPT PACKING pc=0x000001f54beaa00c sp=0x0000000f6f0fddd0
Event: 0.173 Thread 0x000001f542198d60 DEOPT UNPACKING pc=0x000001f553417143 sp=0x0000000f6f0fd260 mode 0
Event: 0.173 Thread 0x000001f542198d60 DEOPT PACKING pc=0x000001f54beaa00c sp=0x0000000f6f0fddd0
Event: 0.173 Thread 0x000001f542198d60 DEOPT UNPACKING pc=0x000001f553417143 sp=0x0000000f6f0fd260 mode 0
Event: 0.235 Thread 0x000001f542198d60 Uncommon trap: trap_request=0xffffff45 fr.pc=0x000001f553965f94 relative=0x00000000000006b4
Event: 0.235 Thread 0x000001f542198d60 Uncommon trap: reason=unstable_if action=reinterpret pc=0x000001f553965f94 method=java.util.zip.ZipFile$Source.checkAndAddEntry(II)I @ 50 c2
Event: 0.235 Thread 0x000001f542198d60 DEOPT PACKING pc=0x000001f553965f94 sp=0x0000000f6f0fe9c0
Event: 0.235 Thread 0x000001f542198d60 DEOPT UNPACKING pc=0x000001f5534169a3 sp=0x0000000f6f0fe938 mode 2
Event: 0.332 Thread 0x000001f542198d60 DEOPT PACKING pc=0x000001f54bea6de7 sp=0x0000000f6f0fd030
Event: 0.332 Thread 0x000001f542198d60 DEOPT UNPACKING pc=0x000001f553417143 sp=0x0000000f6f0fc450 mode 0
Event: 0.351 Thread 0x000001f542198d60 DEOPT PACKING pc=0x000001f54bea6151 sp=0x0000000f6f0fd9d0
Event: 0.351 Thread 0x000001f542198d60 DEOPT UNPACKING pc=0x000001f553417143 sp=0x0000000f6f0fce48 mode 0
Event: 0.568 Thread 0x000001f542198d60 DEOPT PACKING pc=0x000001f54bf14b8b sp=0x0000000f6f0fc8a0
Event: 0.568 Thread 0x000001f542198d60 DEOPT UNPACKING pc=0x000001f553417143 sp=0x0000000f6f0fbd00 mode 0
Event: 0.613 Thread 0x000001f542198d60 DEOPT PACKING pc=0x000001f54bebcad6 sp=0x0000000f6f0fc5c0
Event: 0.613 Thread 0x000001f542198d60 DEOPT UNPACKING pc=0x000001f553417143 sp=0x0000000f6f0fba48 mode 0
Event: 0.679 Thread 0x000001f542198d60 DEOPT PACKING pc=0x000001f54bee3248 sp=0x0000000f6f0fcdd0
Event: 0.679 Thread 0x000001f542198d60 DEOPT UNPACKING pc=0x000001f553417143 sp=0x0000000f6f0fc2e8 mode 0
Event: 0.683 Thread 0x000001f542198d60 DEOPT PACKING pc=0x000001f54bee4a65 sp=0x0000000f6f0fc800
Event: 0.683 Thread 0x000001f542198d60 DEOPT UNPACKING pc=0x000001f553417143 sp=0x0000000f6f0fbc50 mode 0

Classes unloaded (0 events):
No events

Classes redefined (0 events):
No events

Internal exceptions (0 events):
No events

VM Operations (6 events):
Event: 0.189 Executing VM operation: HandshakeAllThreads
Event: 0.189 Executing VM operation: HandshakeAllThreads done
Event: 0.370 Executing VM operation: HandshakeAllThreads
Event: 0.370 Executing VM operation: HandshakeAllThreads done
Event: 0.556 Executing VM operation: HandshakeAllThreads
Event: 0.556 Executing VM operation: HandshakeAllThreads done

Events (20 events):
Event: 0.555 loading class sun/net/www/protocol/jar/URLJarFile$URLJarFileCloseController done
Event: 0.555 loading class sun/net/www/protocol/jar/JarFileFactory done
Event: 0.556 loading class sun/net/www/protocol/file/FileURLConnection
Event: 0.556 loading class sun/net/www/URLConnection
Event: 0.556 loading class sun/net/www/URLConnection done
Event: 0.556 loading class sun/net/www/protocol/file/FileURLConnection done
Event: 0.556 loading class sun/net/www/MessageHeader
Event: 0.556 loading class sun/net/www/MessageHeader done
Event: 0.556 loading class sun/net/www/protocol/jar/URLJarFile
Event: 0.556 loading class sun/net/www/protocol/jar/URLJarFile done
Event: 0.557 loading class sun/net/www/protocol/jar/URLJarFile$URLJarFileEntry
Event: 0.557 loading class sun/net/www/protocol/jar/URLJarFile$URLJarFileEntry done
Event: 0.557 loading class sun/net/www/protocol/jar/JarURLConnection$JarURLInputStream
Event: 0.557 loading class sun/net/www/protocol/jar/JarURLConnection$JarURLInputStream done
Event: 0.606 loading class java/util/Collections$SingletonList
Event: 0.606 loading class java/util/Collections$SingletonList done
Event: 0.641 loading class java/lang/reflect/InvocationTargetException
Event: 0.641 loading class java/lang/reflect/InvocationTargetException done
Event: 0.645 loading class java/io/UnsupportedEncodingException
Event: 0.646 loading class java/io/UnsupportedEncodingException done


Dynamic libraries:
0x00007ff723520000 - 0x00007ff72352e000 	C:\Users\Afaq_Lite\AppData\Local\Programs\Eclipse Adoptium\jdk-17.0.6.10-hotspot\bin\java.exe
0x00007fff6e690000 - 0x00007fff6e888000 	C:\WINDOWS\SYSTEM32\ntdll.dll
0x00007fff6d9d0000 - 0x00007fff6da8f000 	C:\WINDOWS\System32\KERNEL32.DLL
0x00007fff6c0e0000 - 0x00007fff6c3d6000 	C:\WINDOWS\System32\KERNELBASE.dll
0x00007fff38090000 - 0x00007fff3815f000 	C:\Program Files\Bitdefender\Bitdefender Security\bdhkm\dlls_266184808945032704\bdhkm64.dll
0x00007fff37f40000 - 0x00007fff38088000 	C:\Program Files\Bitdefender\Bitdefender Security\atcuf\dlls_266481281005032704\atcuf64.dll
0x00007fff6be10000 - 0x00007fff6bf10000 	C:\WINDOWS\System32\ucrtbase.dll
0x00007fff5c510000 - 0x00007fff5c527000 	C:\Users\Afaq_Lite\AppData\Local\Programs\Eclipse Adoptium\jdk-17.0.6.10-hotspot\bin\jli.dll
0x00007fff6c8e0000 - 0x00007fff6ca7d000 	C:\WINDOWS\System32\USER32.dll
0x00007fff6c450000 - 0x00007fff6c472000 	C:\WINDOWS\System32\win32u.dll
0x00007fff6c750000 - 0x00007fff6c77c000 	C:\WINDOWS\System32\GDI32.dll
0x00007fff6bf10000 - 0x00007fff6c025000 	C:\WINDOWS\System32\gdi32full.dll
0x00007fff6bd70000 - 0x00007fff6be0d000 	C:\WINDOWS\System32\msvcp_win.dll
0x00007fff598d0000 - 0x00007fff598e9000 	C:\Users\Afaq_Lite\AppData\Local\Programs\Eclipse Adoptium\jdk-17.0.6.10-hotspot\bin\VCRUNTIME140.dll
0x00007fff5c0a0000 - 0x00007fff5c33a000 	C:\WINDOWS\WinSxS\amd64_microsoft.windows.common-controls_6595b64144ccf1df_6.0.19041.1110_none_60b5254171f9507e\COMCTL32.dll
0x00007fff6db00000 - 0x00007fff6db9e000 	C:\WINDOWS\System32\msvcrt.dll
0x00007fff6c790000 - 0x00007fff6c7c0000 	C:\WINDOWS\System32\IMM32.DLL
0x00007fff598c0000 - 0x00007fff598cc000 	C:\Users\Afaq_Lite\AppData\Local\Programs\Eclipse Adoptium\jdk-17.0.6.10-hotspot\bin\vcruntime140_1.dll
0x00007fff45920000 - 0x00007fff459b1000 	C:\Users\Afaq_Lite\AppData\Local\Programs\Eclipse Adoptium\jdk-17.0.6.10-hotspot\bin\msvcp140.dll
0x00007fff066e0000 - 0x00007fff07327000 	C:\Users\Afaq_Lite\AppData\Local\Programs\Eclipse Adoptium\jdk-17.0.6.10-hotspot\bin\server\jvm.dll
0x00007fff6cbb0000 - 0x00007fff6cc5f000 	C:\WINDOWS\System32\ADVAPI32.dll
0x00007fff6e540000 - 0x00007fff6e5dc000 	C:\WINDOWS\System32\sechost.dll
0x00007fff6ca80000 - 0x00007fff6cba6000 	C:\WINDOWS\System32\RPCRT4.dll
0x00007fff5ab10000 - 0x00007fff5ab19000 	C:\WINDOWS\SYSTEM32\WSOCK32.dll
0x00007fff6e5e0000 - 0x00007fff6e64b000 	C:\WINDOWS\System32\WS2_32.dll
0x00007fff66b60000 - 0x00007fff66b87000 	C:\WINDOWS\SYSTEM32\WINMM.dll
0x00007fff669e0000 - 0x00007fff669ea000 	C:\WINDOWS\SYSTEM32\VERSION.dll
0x00007fff69c20000 - 0x00007fff69c32000 	C:\WINDOWS\SYSTEM32\kernel.appcore.dll
0x00007fff598b0000 - 0x00007fff598ba000 	C:\Users\Afaq_Lite\AppData\Local\Programs\Eclipse Adoptium\jdk-17.0.6.10-hotspot\bin\jimage.dll
0x00007fff64760000 - 0x00007fff64944000 	C:\WINDOWS\SYSTEM32\DBGHELP.DLL
0x00007fff5ab20000 - 0x00007fff5ab54000 	C:\WINDOWS\SYSTEM32\dbgcore.DLL
0x00007fff6c480000 - 0x00007fff6c502000 	C:\WINDOWS\System32\bcryptPrimitives.dll
0x00007fff542b0000 - 0x00007fff542d5000 	C:\Users\Afaq_Lite\AppData\Local\Programs\Eclipse Adoptium\jdk-17.0.6.10-hotspot\bin\java.dll
0x00007fff383a0000 - 0x00007fff38476000 	C:\Users\Afaq_Lite\AppData\Local\Programs\Eclipse Adoptium\jdk-17.0.6.10-hotspot\bin\jsvml.dll
0x00007fff6d0d0000 - 0x00007fff6d814000 	C:\WINDOWS\System32\SHELL32.dll
0x00007fff69e20000 - 0x00007fff6a5b3000 	C:\WINDOWS\SYSTEM32\windows.storage.dll
0x00007fff6de50000 - 0x00007fff6e1a4000 	C:\WINDOWS\System32\combase.dll
0x00007fff6b7c0000 - 0x00007fff6b7ee000 	C:\WINDOWS\SYSTEM32\Wldp.dll
0x00007fff6e280000 - 0x00007fff6e32d000 	C:\WINDOWS\System32\SHCORE.dll
0x00007fff6daa0000 - 0x00007fff6daf5000 	C:\WINDOWS\System32\shlwapi.dll
0x00007fff6bcb0000 - 0x00007fff6bccf000 	C:\WINDOWS\SYSTEM32\profapi.dll
0x00007fff52ff0000 - 0x00007fff53009000 	C:\Users\Afaq_Lite\AppData\Local\Programs\Eclipse Adoptium\jdk-17.0.6.10-hotspot\bin\net.dll
0x00007fff65370000 - 0x00007fff6547a000 	C:\WINDOWS\SYSTEM32\WINHTTP.dll
0x00007fff6b520000 - 0x00007fff6b58a000 	C:\WINDOWS\system32\mswsock.dll
0x00007fff52fd0000 - 0x00007fff52fe5000 	C:\Users\Afaq_Lite\AppData\Local\Programs\Eclipse Adoptium\jdk-17.0.6.10-hotspot\bin\nio.dll
0x00007fff54480000 - 0x00007fff54498000 	C:\Users\Afaq_Lite\AppData\Local\Programs\Eclipse Adoptium\jdk-17.0.6.10-hotspot\bin\zip.dll

dbghelp: loaded successfully - version: 4.0.5 - missing functions: none
symbol engine: initialized successfully - sym options: 0x614 - pdb path: .;C:\Users\Afaq_Lite\AppData\Local\Programs\Eclipse Adoptium\jdk-17.0.6.10-hotspot\bin;C:\WINDOWS\SYSTEM32;C:\Program Files\Bitdefender\Bitdefender Security\bdhkm\dlls_266184808945032704;C:\Program Files\Bitdefender\Bitdefender Security\atcuf\dlls_266481281005032704;C:\WINDOWS\WinSxS\amd64_microsoft.windows.common-controls_6595b64144ccf1df_6.0.19041.1110_none_60b5254171f9507e;C:\Users\Afaq_Lite\AppData\Local\Programs\Eclipse Adoptium\jdk-17.0.6.10-hotspot\bin\server

VM Arguments:
java_command: org.jetbrains.kotlin.cli.jvm.K2JVMCompiler @E:\AndroidWithKotlin\CareZoneApp\app\build\20230605_8838188607932240196.compiler.options
java_class_path (initial): C:\Users\Afaq_Lite\.gradle\caches\modules-2\files-2.1\org.jetbrains.kotlin\kotlin-compiler-embeddable\1.8.0\eb9118d4bcceaa2a94b2ae2a33a4ddba7c9a947f\kotlin-compiler-embeddable-1.8.0.jar;C:\Users\Afaq_Lite\.gradle\caches\modules-2\files-2.1\org.jetbrains.kotlin\kotlin-stdlib\1.8.0\1796921c7a3e2e2665a83e6c8d33399336cd39bc\kotlin-stdlib-1.8.0.jar;C:\Users\Afaq_Lite\.gradle\caches\modules-2\files-2.1\org.jetbrains.kotlin\kotlin-script-runtime\1.8.0\b2f7e760d283cb339974851c222a4c1d48f2d3d\kotlin-script-runtime-1.8.0.jar;C:\Users\Afaq_Lite\.gradle\caches\modules-2\files-2.1\org.jetbrains.kotlin\kotlin-reflect\1.6.10\1cbe9c92c12a94eea200d23c2bbaedaf3daf5132\kotlin-reflect-1.6.10.jar;C:\Users\Afaq_Lite\.gradle\caches\modules-2\files-2.1\org.jetbrains.kotlin\kotlin-daemon-embeddable\1.8.0\d255216c551685dc3a7e852b53617f5f01aaaa5c\kotlin-daemon-embeddable-1.8.0.jar;C:\Users\Afaq_Lite\.gradle\caches\modules-2\files-2.1\org.jetbrains.intellij.deps\trove4j\1.0.20200330\3afb14d5f9ceb459d724e907a21145e8ff394f02\trove4j-1.0.20200330.jar;C:\Users\Afaq_Lite\.gradle\caches\modules-2\files-2.1\net.java.dev.jna\jna\5.6.0\330f2244e9030119ab3030fc3fededc86713d9cc\jna-5.6.0.jar;C:\Users\Afaq_Lite\.gradle\caches\modules-2\files-2.1\org.jetbrains.kotlin\kotlin-stdlib-common\1.8.0\f7197e7cc76453ac59f8b0f8d5137cc600becd36\kotlin-stdlib-common-1.8.0.jar;C:\Users\Afaq_Lite\.gradle\caches\modules-2\files-2.1\org.jetbrains\annotations\13.0\919f0dfe192fb4e063e7dacadee7f8bb9a2672a9\annotations-13.0.jar
Launcher Type: SUN_STANDARD

[Global flags]
     intx CICompilerCount                          = 4                                         {product} {ergonomic}
     uint ConcGCThreads                            = 2                                         {product} {ergonomic}
     uint G1ConcRefinementThreads                  = 8                                         {product} {ergonomic}
   size_t G1HeapRegionSize                         = 2097152                                   {product} {ergonomic}
    uintx GCDrainStackTargetSize                   = 64                                        {product} {ergonomic}
   size_t InitialHeapSize                          = 268435456                                 {product} {ergonomic}
   size_t MarkStackSize                            = 4194304                                   {product} {ergonomic}
   size_t MaxHeapSize                              = 4265607168                                {product} {ergonomic}
   size_t MaxNewSize                               = 2558525440                                {product} {ergonomic}
   size_t MinHeapDeltaBytes                        = 2097152                                   {product} {ergonomic}
   size_t MinHeapSize                              = 8388608                                   {product} {ergonomic}
    uintx NonNMethodCodeHeapSize                   = 5839372                                {pd product} {ergonomic}
    uintx NonProfiledCodeHeapSize                  = 122909434                              {pd product} {ergonomic}
    uintx ProfiledCodeHeapSize                     = 122909434                              {pd product} {ergonomic}
    uintx ReservedCodeCacheSize                    = 251658240                              {pd product} {ergonomic}
     bool SegmentedCodeCache                       = true                                      {product} {ergonomic}
   size_t SoftMaxHeapSize                          = 4265607168                             {manageable} {ergonomic}
     bool UseCompressedClassPointers               = true                           {product lp64_product} {ergonomic}
     bool UseCompressedOops                        = true                           {product lp64_product} {ergonomic}
     bool UseG1GC                                  = true                                      {product} {ergonomic}
     bool UseLargePagesIndividualAllocation        = false                                  {pd product} {ergonomic}

Logging:
Log output configuration:
 #0: stdout all=warning uptime,level,tags
 #1: stderr all=off uptime,level,tags

Environment Variables:
JAVA_HOME=C:\Users\Afaq_Lite\AppData\Local\Programs\Eclipse Adoptium\jdk-17.0.6.10-hotspot\
PATH=C:\WINDOWS\system32;C:\WINDOWS;C:\WINDOWS\System32\Wbem;C:\WINDOWS\System32\WindowsPowerShell\v1.0\;C:\Program Files\Git\cmd;C:\WINDOWS\System32\OpenSSH\;C:\Users\Afaq_Lite\AppData\Local\Programs\Python\Python39;C:\Users\Afaq_Lite\AppData\Local\Programs\Python\Python39\Scripts;C:\Program Files\Graphviz\bin;C:\Users\Afaq_Lite\AppData\Local\Programs\Eclipse Adoptium\jdk-17.0.6.10-hotspot\bin;C:\Users\Afaq_Lite\AppData\Local\Microsoft\WindowsApps;C:\Users\Afaq_Lite\anaconda3\Library\bin\Graphviz;C:\Users\Afaq_Lite\AppData\Local\Programs\Microsoft VS Code\bin;E:\Dart_sdk\dart-sdk\bin;C:\src\flutter\bin;
USERNAME=Afaq_Lite
OS=Windows_NT
PROCESSOR_IDENTIFIER=Intel64 Family 6 Model 60 Stepping 3, GenuineIntel
TMP=C:\Users\Afaq_Lite\AppData\Local\Temp
TEMP=C:\Users\Afaq_Lite\AppData\Local\Temp



---------------  S Y S T E M  ---------------

OS:
 Windows 10 , 64 bit Build 19041 (10.0.19041.3031)
OS uptime: 4 days 12:02 hours

CPU: total 8 (initial active 8) (4 cores per cpu, 2 threads per core) family 6 model 60 stepping 3 microcode 0x27, cx8, cmov, fxsr, ht, mmx, sse, sse2, sse3, ssse3, sse4.1, sse4.2, popcnt, lzcnt, tsc, tscinvbit, avx, avx2, aes, erms, clmul, bmi1, bmi2, fma, vzeroupper, clflush

Memory: 4k page, system-wide physical 16265M (1057M free)
TotalPageFile size 18313M (AvailPageFile size 5M)
current process WorkingSet (physical memory assigned to process): 68M, peak: 68M
current process commit charge ("private bytes"): 355M, peak: 355M

vm_info: OpenJDK 64-Bit Server VM (17.0.6+10) for windows-amd64 JRE (17.0.6+10), built on Jan 18 2023 10:08:59 by "temurin" with MS VC++ 16.7 (VS2019)

END.
